<?xml version="1.0" encoding="UTF-8"?>
<testsuite name="io.confluent.developer.KafkaProducerApplicationTest" tests="1" skipped="0" failures="0" errors="0" timestamp="2021-07-24T18:13:12" hostname="DESKTOP-KAQ4FV3" time="0.013">
  <properties/>
  <testcase name="testProduce" classname="io.confluent.developer.KafkaProducerApplicationTest" time="0.013"/>
  <system-out><![CDATA[]]></system-out>
  <system-err><![CDATA[]]></system-err>
</testsuite>
